Línea 19: la clase Virtual_Martin_temporize.ChameleonBtn del control cmdsalir no era una clase de control cargada.
Línea 94: la clase Virtual_Martin_temporize.ChameleonBtn del control cmdcancelar no era una clase de control cargada.
Línea 132: la clase Virtual_Martin_temporize.ChameleonBtn del control cmdnormal no era una clase de control cargada.
Línea 11: la propiedad Icon de frmpuerto tenía una referencia a archivo no válida.
Línea 25: el nombre de la propiedad _ExtentX de cmdsalir no es válido.
Línea 26: el nombre de la propiedad _ExtentY de cmdsalir no es válido.
Línea 27: el nombre de la propiedad BTYPE de cmdsalir no es válido.
Línea 28: el nombre de la propiedad TX de cmdsalir no es válido.
Línea 29: el nombre de la propiedad ENAB de cmdsalir no es válido.
Línea 39: el nombre de la propiedad COLTYPE de cmdsalir no es válido.
Línea 40: el nombre de la propiedad FOCUSR de cmdsalir no es válido.
Línea 41: el nombre de la propiedad BCOL de cmdsalir no es válido.
Línea 42: el nombre de la propiedad BCOLO de cmdsalir no es válido.
Línea 43: el nombre de la propiedad FCOL de cmdsalir no es válido.
Línea 44: el nombre de la propiedad FCOLO de cmdsalir no es válido.
Línea 45: el nombre de la propiedad MCOL de cmdsalir no es válido.
Línea 46: el nombre de la propiedad MPTR de cmdsalir no es válido.
Línea 47: el nombre de la propiedad MICON de cmdsalir no es válido.
Línea 48: el nombre de la propiedad UMCOL de cmdsalir no es válido.
Línea 49: el nombre de la propiedad SOFT de cmdsalir no es válido.
Línea 50: el nombre de la propiedad PICPOS de cmdsalir no es válido.
Línea 51: el nombre de la propiedad NGREY de cmdsalir no es válido.
Línea 52: el nombre de la propiedad FX de cmdsalir no es válido.
Línea 53: el nombre de la propiedad HAND de cmdsalir no es válido.
Línea 54: el nombre de la propiedad CHECK de cmdsalir no es válido.
Línea 55: el nombre de la propiedad VALUE de cmdsalir no es válido.
Línea 63: la propiedad ToolTipText de Frame1 debe ser una cadena encerrada entre comillas
Línea 100: el nombre de la propiedad _ExtentX de cmdcancelar no es válido.
Línea 101: el nombre de la propiedad _ExtentY de cmdcancelar no es válido.
Línea 102: el nombre de la propiedad BTYPE de cmdcancelar no es válido.
Línea 103: el nombre de la propiedad TX de cmdcancelar no es válido.
Línea 104: el nombre de la propiedad ENAB de cmdcancelar no es válido.
Línea 114: el nombre de la propiedad COLTYPE de cmdcancelar no es válido.
Línea 115: el nombre de la propiedad FOCUSR de cmdcancelar no es válido.
Línea 116: el nombre de la propiedad BCOL de cmdcancelar no es válido.
Línea 117: el nombre de la propiedad BCOLO de cmdcancelar no es válido.
Línea 118: el nombre de la propiedad FCOL de cmdcancelar no es válido.
Línea 119: el nombre de la propiedad FCOLO de cmdcancelar no es válido.
Línea 120: el nombre de la propiedad MCOL de cmdcancelar no es válido.
Línea 121: el nombre de la propiedad MPTR de cmdcancelar no es válido.
Línea 122: el nombre de la propiedad MICON de cmdcancelar no es válido.
Línea 123: el nombre de la propiedad UMCOL de cmdcancelar no es válido.
Línea 124: el nombre de la propiedad SOFT de cmdcancelar no es válido.
Línea 125: el nombre de la propiedad PICPOS de cmdcancelar no es válido.
Línea 126: el nombre de la propiedad NGREY de cmdcancelar no es válido.
Línea 127: el nombre de la propiedad FX de cmdcancelar no es válido.
Línea 128: el nombre de la propiedad HAND de cmdcancelar no es válido.
Línea 129: el nombre de la propiedad CHECK de cmdcancelar no es válido.
Línea 130: el nombre de la propiedad VALUE de cmdcancelar no es válido.
Línea 138: el nombre de la propiedad _ExtentX de cmdnormal no es válido.
Línea 139: el nombre de la propiedad _ExtentY de cmdnormal no es válido.
Línea 140: el nombre de la propiedad BTYPE de cmdnormal no es válido.
Línea 141: el nombre de la propiedad TX de cmdnormal no es válido.
Línea 142: el nombre de la propiedad ENAB de cmdnormal no es válido.
Línea 152: el nombre de la propiedad COLTYPE de cmdnormal no es válido.
Línea 153: el nombre de la propiedad FOCUSR de cmdnormal no es válido.
Línea 154: el nombre de la propiedad BCOL de cmdnormal no es válido.
Línea 155: el nombre de la propiedad BCOLO de cmdnormal no es válido.
Línea 156: el nombre de la propiedad FCOL de cmdnormal no es válido.
Línea 157: el nombre de la propiedad FCOLO de cmdnormal no es válido.
Línea 158: el nombre de la propiedad MCOL de cmdnormal no es válido.
Línea 159: el nombre de la propiedad MPTR de cmdnormal no es válido.
Línea 160: el nombre de la propiedad MICON de cmdnormal no es válido.
Línea 161: el nombre de la propiedad UMCOL de cmdnormal no es válido.
Línea 162: el nombre de la propiedad SOFT de cmdnormal no es válido.
Línea 163: el nombre de la propiedad PICPOS de cmdnormal no es válido.
Línea 164: el nombre de la propiedad NGREY de cmdnormal no es válido.
Línea 165: el nombre de la propiedad FX de cmdnormal no es válido.
Línea 166: el nombre de la propiedad HAND de cmdnormal no es válido.
Línea 167: el nombre de la propiedad CHECK de cmdnormal no es válido.
Línea 168: el nombre de la propiedad VALUE de cmdnormal no es válido.
